File user.proto
Service UserService
 Method Create
  input .proto.CreateRequest
  output .proto.CreateResponse
  client_streaming false
  server_streaming false
 Method Get
  input .proto.GetRequest
  output .proto.GetResponse
  client_streaming false
  server_streaming false
 Method GetAll
  input .proto.GetAllRequest
  output .proto.GetAllResponse
  client_streaming false
  server_streaming false
 Method Update
  input .proto.UpdateRequest
  output .proto.UpdateResponse
  client_streaming false
  server_streaming false
 Method Delete
  input .proto.DeleteRequest
  output .proto.DeleteResponse
  client_streaming false
  server_streaming false
PluginLibrary.Google_Protobuf_Compiler_CodeGeneratorRequest:
file_to_generate: "user.proto"
compiler_version {
  major: 3
  minor: 3
  patch: 0
  suffix: ""
}
proto_file {
  name: "user.proto"
  package: "proto"
  message_type {
    name: "User"
    field {
      name: "name"
      number: 1
      label: LABEL_OPTIONAL
      type: TYPE_STRING
      json_name: "name"
    }
    field {
      name: "age"
      number: 2
      label: LABEL_OPTIONAL
      type: TYPE_INT32
      json_name: "age"
    }
    field {
      name: "sex"
      number: 3
      label: LABEL_OPTIONAL
      type: TYPE_ENUM
      type_name: ".proto.Sex"
      json_name: "sex"
    }
  }
  message_type {
    name: "CreateRequest"
    field {
      name: "name"
      number: 1
      label: LABEL_OPTIONAL
      type: TYPE_STRING
      json_name: "name"
    }
    field {
      name: "age"
      number: 2
      label: LABEL_OPTIONAL
      type: TYPE_INT32
      json_name: "age"
    }
    field {
      name: "sex"
      number: 3
      label: LABEL_OPTIONAL
      type: TYPE_ENUM
      type_name: ".proto.Sex"
      json_name: "sex"
    }
  }
  message_type {
    name: "CreateResponse"
    field {
      name: "status"
      number: 1
      label: LABEL_OPTIONAL
      type: TYPE_ENUM
      type_name: ".proto.Status"
      json_name: "status"
    }
    field {
      name: "message"
      number: 2
      label: LABEL_OPTIONAL
      type: TYPE_STRING
      json_name: "message"
    }
  }
  message_type {
    name: "GetRequest"
    field {
      name: "name"
      number: 1
      label: LABEL_OPTIONAL
      type: TYPE_STRING
      json_name: "name"
    }
  }
  message_type {
    name: "GetResponse"
    field {
      name: "status"
      number: 1
      label: LABEL_OPTIONAL
      type: TYPE_ENUM
      type_name: ".proto.Status"
      json_name: "status"
    }
    field {
      name: "message"
      number: 2
      label: LABEL_OPTIONAL
      type: TYPE_STRING
      json_name: "message"
    }
    field {
      name: "user"
      number: 3
      label: LABEL_OPTIONAL
      type: TYPE_MESSAGE
      type_name: ".proto.User"
      json_name: "user"
    }
  }
  message_type {
    name: "GetAllRequest"
  }
  message_type {
    name: "GetAllResponse"
    field {
      name: "status"
      number: 1
      label: LABEL_OPTIONAL
      type: TYPE_ENUM
      type_name: ".proto.Status"
      json_name: "status"
    }
    field {
      name: "message"
      number: 2
      label: LABEL_OPTIONAL
      type: TYPE_STRING
      json_name: "message"
    }
    field {
      name: "users"
      number: 3
      label: LABEL_REPEATED
      type: TYPE_MESSAGE
      type_name: ".proto.User"
      json_name: "users"
    }
  }
  message_type {
    name: "UpdateRequest"
    field {
      name: "name"
      number: 1
      label: LABEL_OPTIONAL
      type: TYPE_STRING
      json_name: "name"
    }
    field {
      name: "age"
      number: 2
      label: LABEL_OPTIONAL
      type: TYPE_INT32
      json_name: "age"
    }
    field {
      name: "sex"
      number: 3
      label: LABEL_OPTIONAL
      type: TYPE_ENUM
      type_name: ".proto.Sex"
      json_name: "sex"
    }
  }
  message_type {
    name: "UpdateResponse"
    field {
      name: "status"
      number: 1
      label: LABEL_OPTIONAL
      type: TYPE_ENUM
      type_name: ".proto.Status"
      json_name: "status"
    }
    field {
      name: "message"
      number: 2
      label: LABEL_OPTIONAL
      type: TYPE_STRING
      json_name: "message"
    }
  }
  message_type {
    name: "DeleteRequest"
    field {
      name: "name"
      number: 1
      label: LABEL_OPTIONAL
      type: TYPE_STRING
      json_name: "name"
    }
  }
  message_type {
    name: "DeleteResponse"
    field {
      name: "status"
      number: 1
      label: LABEL_OPTIONAL
      type: TYPE_ENUM
      type_name: ".proto.Status"
      json_name: "status"
    }
    field {
      name: "message"
      number: 2
      label: LABEL_OPTIONAL
      type: TYPE_STRING
      json_name: "message"
    }
  }
  enum_type {
    name: "Sex"
    value {
      name: "MALE"
      number: 0
    }
    value {
      name: "FEMALE"
      number: 1
    }
  }
  enum_type {
    name: "Status"
    value {
      name: "OK"
      number: 0
    }
    value {
      name: "FAIL"
      number: 1
    }
  }
  service {
    name: "UserService"
    method {
      name: "Create"
      input_type: ".proto.CreateRequest"
      output_type: ".proto.CreateResponse"
    }
    method {
      name: "Get"
      input_type: ".proto.GetRequest"
      output_type: ".proto.GetResponse"
    }
    method {
      name: "GetAll"
      input_type: ".proto.GetAllRequest"
      output_type: ".proto.GetAllResponse"
    }
    method {
      name: "Update"
      input_type: ".proto.UpdateRequest"
      output_type: ".proto.UpdateResponse"
    }
    method {
      name: "Delete"
      input_type: ".proto.DeleteRequest"
      output_type: ".proto.DeleteResponse"
    }
  }
  source_code_info {
    location {
      span: [0, 0, 82, 1]
    }
    location {
      path: [12]
      span: [0, 0, 18]
    }
    location {
      path: [2]
      span: [1, 8, 13]
    }
    location {
      path: [5, 0]
      span: [3, 0, 6, 1]
    }
    location {
      path: [5, 0, 1]
      span: [3, 5, 8]
    }
    location {
      path: [5, 0, 2, 0]
      span: [4, 2, 11]
    }
    location {
      path: [5, 0, 2, 0, 1]
      span: [4, 2, 6]
    }
    location {
      path: [5, 0, 2, 0, 2]
      span: [4, 9, 10]
    }
    location {
      path: [5, 0, 2, 1]
      span: [5, 2, 13]
    }
    location {
      path: [5, 0, 2, 1, 1]
      span: [5, 2, 8]
    }
    location {
      path: [5, 0, 2, 1, 2]
      span: [5, 11, 12]
    }
    location {
      path: [5, 1]
      span: [8, 0, 11, 1]
    }
    location {
      path: [5, 1, 1]
      span: [8, 5, 11]
    }
    location {
      path: [5, 1, 2, 0]
      span: [9, 2, 9]
    }
    location {
      path: [5, 1, 2, 0, 1]
      span: [9, 2, 4]
    }
    location {
      path: [5, 1, 2, 0, 2]
      span: [9, 7, 8]
    }
    location {
      path: [5, 1, 2, 1]
      span: [10, 2, 11]
    }
    location {
      path: [5, 1, 2, 1, 1]
      span: [10, 2, 6]
    }
    location {
      path: [5, 1, 2, 1, 2]
      span: [10, 9, 10]
    }
    location {
      path: [4, 0]
      span: [13, 0, 17, 1]
    }
    location {
      path: [4, 0, 1]
      span: [13, 8, 12]
    }
    location {
      path: [4, 0, 2, 0]
      span: [14, 2, 18]
    }
    location {
      path: [4, 0, 2, 0, 4]
      span: [14, 2, 13, 14]
    }
    location {
      path: [4, 0, 2, 0, 5]
      span: [14, 2, 8]
    }
    location {
      path: [4, 0, 2, 0, 1]
      span: [14, 9, 13]
    }
    location {
      path: [4, 0, 2, 0, 3]
      span: [14, 16, 17]
    }
    location {
      path: [4, 0, 2, 1]
      span: [15, 2, 16]
    }
    location {
      path: [4, 0, 2, 1, 4]
      span: [15, 2, 14, 18]
    }
    location {
      path: [4, 0, 2, 1, 5]
      span: [15, 2, 7]
    }
    location {
      path: [4, 0, 2, 1, 1]
      span: [15, 8, 11]
    }
    location {
      path: [4, 0, 2, 1, 3]
      span: [15, 14, 15]
    }
    location {
      path: [4, 0, 2, 2]
      span: [16, 2, 14]
    }
    location {
      path: [4, 0, 2, 2, 4]
      span: [16, 2, 15, 16]
    }
    location {
      path: [4, 0, 2, 2, 6]
      span: [16, 2, 5]
    }
    location {
      path: [4, 0, 2, 2, 1]
      span: [16, 6, 9]
    }
    location {
      path: [4, 0, 2, 2, 3]
      span: [16, 12, 13]
    }
    location {
      path: [4, 1]
      span: [19, 0, 23, 1]
    }
    location {
      path: [4, 1, 1]
      span: [19, 8, 21]
    }
    location {
      path: [4, 1, 2, 0]
      span: [20, 2, 18]
    }
    location {
      path: [4, 1, 2, 0, 4]
      span: [20, 2, 19, 23]
    }
    location {
      path: [4, 1, 2, 0, 5]
      span: [20, 2, 8]
    }
    location {
      path: [4, 1, 2, 0, 1]
      span: [20, 9, 13]
    }
    location {
      path: [4, 1, 2, 0, 3]
      span: [20, 16, 17]
    }
    location {
      path: [4, 1, 2, 1]
      span: [21, 2, 16]
    }
    location {
      path: [4, 1, 2, 1, 4]
      span: [21, 2, 20, 18]
    }
    location {
      path: [4, 1, 2, 1, 5]
      span: [21, 2, 7]
    }
    location {
      path: [4, 1, 2, 1, 1]
      span: [21, 8, 11]
    }
    location {
      path: [4, 1, 2, 1, 3]
      span: [21, 14, 15]
    }
    location {
      path: [4, 1, 2, 2]
      span: [22, 2, 14]
    }
    location {
      path: [4, 1, 2, 2, 4]
      span: [22, 2, 21, 16]
    }
    location {
      path: [4, 1, 2, 2, 6]
      span: [22, 2, 5]
    }
    location {
      path: [4, 1, 2, 2, 1]
      span: [22, 6, 9]
    }
    location {
      path: [4, 1, 2, 2, 3]
      span: [22, 12, 13]
    }
    location {
      path: [4, 2]
      span: [25, 0, 28, 1]
    }
    location {
      path: [4, 2, 1]
      span: [25, 8, 22]
    }
    location {
      path: [4, 2, 2, 0]
      span: [26, 2, 20]
    }
    location {
      path: [4, 2, 2, 0, 4]
      span: [26, 2, 25, 24]
    }
    location {
      path: [4, 2, 2, 0, 6]
      span: [26, 2, 8]
    }
    location {
      path: [4, 2, 2, 0, 1]
      span: [26, 9, 15]
    }
    location {
      path: [4, 2, 2, 0, 3]
      span: [26, 18, 19]
    }
    location {
      path: [4, 2, 2, 1]
      span: [27, 2, 21]
    }
    location {
      path: [4, 2, 2, 1, 4]
      span: [27, 2, 26, 20]
    }
    location {
      path: [4, 2, 2, 1, 5]
      span: [27, 2, 8]
    }
    location {
      path: [4, 2, 2, 1, 1]
      span: [27, 9, 16]
    }
    location {
      path: [4, 2, 2, 1, 3]
      span: [27, 19, 20]
    }
    location {
      path: [4, 3]
      span: [30, 0, 32, 1]
    }
    location {
      path: [4, 3, 1]
      span: [30, 8, 18]
    }
    location {
      path: [4, 3, 2, 0]
      span: [31, 2, 18]
    }
    location {
      path: [4, 3, 2, 0, 4]
      span: [31, 2, 30, 20]
    }
    location {
      path: [4, 3, 2, 0, 5]
      span: [31, 2, 8]
    }
    location {
      path: [4, 3, 2, 0, 1]
      span: [31, 9, 13]
    }
    location {
      path: [4, 3, 2, 0, 3]
      span: [31, 16, 17]
    }
    location {
      path: [4, 4]
      span: [34, 0, 38, 1]
    }
    location {
      path: [4, 4, 1]
      span: [34, 8, 19]
    }
    location {
      path: [4, 4, 2, 0]
      span: [35, 2, 20]
    }
    location {
      path: [4, 4, 2, 0, 4]
      span: [35, 2, 34, 21]
    }
    location {
      path: [4, 4, 2, 0, 6]
      span: [35, 2, 8]
    }
    location {
      path: [4, 4, 2, 0, 1]
      span: [35, 9, 15]
    }
    location {
      path: [4, 4, 2, 0, 3]
      span: [35, 18, 19]
    }
    location {
      path: [4, 4, 2, 1]
      span: [36, 2, 21]
    }
    location {
      path: [4, 4, 2, 1, 4]
      span: [36, 2, 35, 20]
    }
    location {
      path: [4, 4, 2, 1, 5]
      span: [36, 2, 8]
    }
    location {
      path: [4, 4, 2, 1, 1]
      span: [36, 9, 16]
    }
    location {
      path: [4, 4, 2, 1, 3]
      span: [36, 19, 20]
    }
    location {
      path: [4, 4, 2, 2]
      span: [37, 2, 16]
    }
    location {
      path: [4, 4, 2, 2, 4]
      span: [37, 2, 36, 21]
    }
    location {
      path: [4, 4, 2, 2, 6]
      span: [37, 2, 6]
    }
    location {
      path: [4, 4, 2, 2, 1]
      span: [37, 7, 11]
    }
    location {
      path: [4, 4, 2, 2, 3]
      span: [37, 14, 15]
    }
    location {
      path: [4, 5]
      span: [40, 0, 24]
    }
    location {
      path: [4, 5, 1]
      span: [40, 8, 21]
    }
    location {
      path: [4, 6]
      span: [42, 0, 46, 1]
    }
    location {
      path: [4, 6, 1]
      span: [42, 8, 22]
    }
    location {
      path: [4, 6, 2, 0]
      span: [43, 2, 20]
    }
    location {
      path: [4, 6, 2, 0, 4]
      span: [43, 2, 42, 24]
    }
    location {
      path: [4, 6, 2, 0, 6]
      span: [43, 2, 8]
    }
    location {
      path: [4, 6, 2, 0, 1]
      span: [43, 9, 15]
    }
    location {
      path: [4, 6, 2, 0, 3]
      span: [43, 18, 19]
    }
    location {
      path: [4, 6, 2, 1]
      span: [44, 2, 21]
    }
    location {
      path: [4, 6, 2, 1, 4]
      span: [44, 2, 43, 20]
    }
    location {
      path: [4, 6, 2, 1, 5]
      span: [44, 2, 8]
    }
    location {
      path: [4, 6, 2, 1, 1]
      span: [44, 9, 16]
    }
    location {
      path: [4, 6, 2, 1, 3]
      span: [44, 19, 20]
    }
    location {
      path: [4, 6, 2, 2]
      span: [45, 2, 26]
    }
    location {
      path: [4, 6, 2, 2, 4]
      span: [45, 2, 10]
    }
    location {
      path: [4, 6, 2, 2, 6]
      span: [45, 11, 15]
    }
    location {
      path: [4, 6, 2, 2, 1]
      span: [45, 16, 21]
    }
    location {
      path: [4, 6, 2, 2, 3]
      span: [45, 24, 25]
    }
    location {
      path: [4, 7]
      span: [48, 0, 52, 1]
    }
    location {
      path: [4, 7, 1]
      span: [48, 8, 21]
    }
    location {
      path: [4, 7, 2, 0]
      span: [49, 2, 18]
    }
    location {
      path: [4, 7, 2, 0, 4]
      span: [49, 2, 48, 23]
    }
    location {
      path: [4, 7, 2, 0, 5]
      span: [49, 2, 8]
    }
    location {
      path: [4, 7, 2, 0, 1]
      span: [49, 9, 13]
    }
    location {
      path: [4, 7, 2, 0, 3]
      span: [49, 16, 17]
    }
    location {
      path: [4, 7, 2, 1]
      span: [50, 2, 16]
    }
    location {
      path: [4, 7, 2, 1, 4]
      span: [50, 2, 49, 18]
    }
    location {
      path: [4, 7, 2, 1, 5]
      span: [50, 2, 7]
    }
    location {
      path: [4, 7, 2, 1, 1]
      span: [50, 8, 11]
    }
    location {
      path: [4, 7, 2, 1, 3]
      span: [50, 14, 15]
    }
    location {
      path: [4, 7, 2, 2]
      span: [51, 2, 14]
    }
    location {
      path: [4, 7, 2, 2, 4]
      span: [51, 2, 50, 16]
    }
    location {
      path: [4, 7, 2, 2, 6]
      span: [51, 2, 5]
    }
    location {
      path: [4, 7, 2, 2, 1]
      span: [51, 6, 9]
    }
    location {
      path: [4, 7, 2, 2, 3]
      span: [51, 12, 13]
    }
    location {
      path: [4, 8]
      span: [54, 0, 57, 1]
    }
    location {
      path: [4, 8, 1]
      span: [54, 8, 22]
    }
    location {
      path: [4, 8, 2, 0]
      span: [55, 2, 20]
    }
    location {
      path: [4, 8, 2, 0, 4]
      span: [55, 2, 54, 24]
    }
    location {
      path: [4, 8, 2, 0, 6]
      span: [55, 2, 8]
    }
    location {
      path: [4, 8, 2, 0, 1]
      span: [55, 9, 15]
    }
    location {
      path: [4, 8, 2, 0, 3]
      span: [55, 18, 19]
    }
    location {
      path: [4, 8, 2, 1]
      span: [56, 2, 21]
    }
    location {
      path: [4, 8, 2, 1, 4]
      span: [56, 2, 55, 20]
    }
    location {
      path: [4, 8, 2, 1, 5]
      span: [56, 2, 8]
    }
    location {
      path: [4, 8, 2, 1, 1]
      span: [56, 9, 16]
    }
    location {
      path: [4, 8, 2, 1, 3]
      span: [56, 19, 20]
    }
    location {
      path: [4, 9]
      span: [59, 0, 61, 1]
    }
    location {
      path: [4, 9, 1]
      span: [59, 8, 21]
    }
    location {
      path: [4, 9, 2, 0]
      span: [60, 2, 18]
    }
    location {
      path: [4, 9, 2, 0, 4]
      span: [60, 2, 59, 23]
    }
    location {
      path: [4, 9, 2, 0, 5]
      span: [60, 2, 8]
    }
    location {
      path: [4, 9, 2, 0, 1]
      span: [60, 9, 13]
    }
    location {
      path: [4, 9, 2, 0, 3]
      span: [60, 16, 17]
    }
    location {
      path: [4, 10]
      span: [63, 0, 66, 1]
    }
    location {
      path: [4, 10, 1]
      span: [63, 8, 22]
    }
    location {
      path: [4, 10, 2, 0]
      span: [64, 2, 20]
    }
    location {
      path: [4, 10, 2, 0, 4]
      span: [64, 2, 63, 24]
    }
    location {
      path: [4, 10, 2, 0, 6]
      span: [64, 2, 8]
    }
    location {
      path: [4, 10, 2, 0, 1]
      span: [64, 9, 15]
    }
    location {
      path: [4, 10, 2, 0, 3]
      span: [64, 18, 19]
    }
    location {
      path: [4, 10, 2, 1]
      span: [65, 2, 21]
    }
    location {
      path: [4, 10, 2, 1, 4]
      span: [65, 2, 64, 20]
    }
    location {
      path: [4, 10, 2, 1, 5]
      span: [65, 2, 8]
    }
    location {
      path: [4, 10, 2, 1, 1]
      span: [65, 9, 16]
    }
    location {
      path: [4, 10, 2, 1, 3]
      span: [65, 19, 20]
    }
    location {
      path: [6, 0]
      span: [69, 0, 82, 1]
    }
    location {
      path: [6, 0, 1]
      span: [69, 8, 19]
    }
    location {
      path: [6, 0, 2, 0]
      span: [71, 2, 53]
      leading_comments: " CREATE\n"
    }
    location {
      path: [6, 0, 2, 0, 1]
      span: [71, 6, 12]
    }
    location {
      path: [6, 0, 2, 0, 2]
      span: [71, 13, 26]
    }
    location {
      path: [6, 0, 2, 0, 3]
      span: [71, 37, 51]
    }
    location {
      path: [6, 0, 2, 1]
      span: [74, 2, 44]
      leading_comments: " READ\n"
    }
    location {
      path: [6, 0, 2, 1, 1]
      span: [74, 6, 9]
    }
    location {
      path: [6, 0, 2, 1, 2]
      span: [74, 10, 20]
    }
    location {
      path: [6, 0, 2, 1, 3]
      span: [74, 31, 42]
    }
    location {
      path: [6, 0, 2, 2]
      span: [75, 2, 53]
    }
    location {
      path: [6, 0, 2, 2, 1]
      span: [75, 6, 12]
    }
    location {
      path: [6, 0, 2, 2, 2]
      span: [75, 13, 26]
    }
    location {
      path: [6, 0, 2, 2, 3]
      span: [75, 37, 51]
    }
    location {
      path: [6, 0, 2, 3]
      span: [78, 2, 53]
      leading_comments: " UPDATE\n"
    }
    location {
      path: [6, 0, 2, 3, 1]
      span: [78, 6, 12]
    }
    location {
      path: [6, 0, 2, 3, 2]
      span: [78, 13, 26]
    }
    location {
      path: [6, 0, 2, 3, 3]
      span: [78, 37, 51]
    }
    location {
      path: [6, 0, 2, 4]
      span: [81, 2, 53]
      leading_comments: " DELETE\n"
    }
    location {
      path: [6, 0, 2, 4, 1]
      span: [81, 6, 12]
    }
    location {
      path: [6, 0, 2, 4, 2]
      span: [81, 13, 26]
    }
    location {
      path: [6, 0, 2, 4, 3]
      span: [81, 37, 51]
    }
  }
  syntax: "proto3"
}
